<?xml version="1.0" encoding="UTF-8"?>
<!-- Generated by org.testng.reporters.JUnitReportReporter -->
<testsuite skipped="0" hostname="GANGADHAR-PC" name="parameterization.TestParameterization" tests="3" failures="0" timestamp="20 Sep 2019 11:47:01 GMT" time="0.019" errors="0">
  <testcase name="doLogin" time="0.002" classname="parameterization.TestParameterization"/>
  <testcase name="doLogin" time="0.004" classname="parameterization.TestParameterization"/>
  <testcase name="doLogin" time="0.013" classname="parameterization.TestParameterization"/>
</testsuite> <!-- parameterization.TestParameterization -->
