<?xml version="1.0" encoding="UTF-8"?>
<!-- Generated by org.testng.reporters.JUnitReportReporter -->
<testsuite skipped="1" hostname="GANGADHAR-PC" name="testcases.TestSkip" tests="1" failures="0" timestamp="15 Sep 2019 18:34:29 GMT" time="0.023" errors="0">
  <testcase name="isskip" time="0.023" classname="testcases.TestSkip">
    <skipped/>
  </testcase> <!-- isskip -->
</testsuite> <!-- testcases.TestSkip -->
