<?xml version="1.0" encoding="UTF-8"?>
<!-- Generated by org.testng.reporters.JUnitReportReporter -->
<testsuite skipped="0" hostname="GANGADHAR-PC" name="testcases.testcase1" tests="2" failures="0" timestamp="11 Sep 2019 19:04:20 GMT" time="0.015" errors="0">
  <testcase name="doLogin" time="0.003" classname="testcases.testcase1"/>
  <testcase name="doUserReg" time="0.012" classname="testcases.testcase1"/>
</testsuite> <!-- testcases.testcase1 -->
